<?xml version="1.0" encoding="UTF-8" ?>
<testsuite tests="5" failures="0" name="com.example.LionTest" time="0.658" errors="0" skipped="0">
  <properties>
[...]
</properties>
  <testcase classname="com.example.LionTest" name="getLionDoNotHaveKittensTest" time="0.646"/>
  <testcase classname="com.example.LionTest" name="getLionTypeOfFoodTest" time="0.012"/>
  <testcase classname="com.example.LionTest" name="lionGenderExceptionTest" time="0"/>
  <testcase classname="com.example.LionTest" name="exceptionMessageErrorTest" time="0"/>
  <testcase classname="com.example.LionTest" name="lionGenderTrueTest" time="0"/>
</testsuite>